

0 : array (
  'sendmessage' => 1,
  'extraparams' => NULL,
  'amount' => 60000,
  'address' => NULL,
  'serviceinformation' => NULL,
  'ishtml' => 2,
  'latitude' => 0.0,
  'paymenttypename' => '快捷支付',
  'payorderid' => '303218011017193901',
  'body' => '快捷支付',
  'respcode' => 1,
  'companyid' => 402587655,
  'ordercode' => 'ffb8c286f4984f3298b287b9bd559e5f',
  'companyname' => '许成成',
  'paymenttypeid' => 25,
  'ordernumber' => '189623772797',
  'respmsg' => '预支付成功',
  'longitude' => 0.0,
)

0 : 1

0 : array (
  'ret' => 0,
  'data' => 
  array (
    'sendmessage' => 2,
    'businesstypename' => '现场收款',
    'extraparams' => NULL,
    'subpaymenttypeid' => 25,
    'latitude' => 0.0,
    'channelpayorderid' => '1418011017133030001',
    'payorderid' => '303218011017193901',
    'subcompanyname' => '许成成',
    'body' => '快捷支付',
    'respcode' => 1,
    'channelordernumber' => '1418011017133030001',
    'businesstype' => 1001,
    'rcompanyname' => '许成成',
    'companyid' => 402587655,
    'ordercode' => 'ffb8c286f4984f3298b287b9bd559e5f',
    'ordernumber' => '189623772797',
    'rcompanyid' => 402587655,
    'respmsg' => '预支付成功',
    'compayorderid' => '318011017193802',
    'longitude' => 0.0,
    'amount' => 60000,
    'subcompanyid' => 402587655,
    'address' => NULL,
    'serviceinformation' => NULL,
    'subpaymenttypename' => '快捷支付',
    'paymenttypename' => '快捷支付',
    'stationname' => NULL,
    'companyname' => '许成成',
    'businesstime' => NULL,
    'paymenttypeid' => 25,
    'stationid' => 0,
  ),
  'message' => '请求成功',
)

0 : array (
  'sendmessage' => 1,
  'extraparams' => NULL,
  'amount' => 60000,
  'address' => NULL,
  'serviceinformation' => NULL,
  'ishtml' => 2,
  'latitude' => 0.0,
  'paymenttypename' => '快捷支付',
  'payorderid' => '303318011017345110',
  'body' => '快捷支付',
  'respcode' => 1,
  'companyid' => 402587655,
  'ordercode' => '32c0fbb979e44b8c947941c58ee5d457',
  'companyname' => '许成成',
  'paymenttypeid' => 25,
  'ordernumber' => '189632899669',
  'respmsg' => '预支付成功',
  'longitude' => 0.0,
)

0 : 1

0 : array (
  'ret' => 0,
  'data' => 
  array (
    'sendmessage' => 2,
    'businesstypename' => '现场收款',
    'extraparams' => NULL,
    'subpaymenttypeid' => 25,
    'latitude' => 0.0,
    'channelpayorderid' => '1418011017284230004',
    'payorderid' => '303318011017345110',
    'subcompanyname' => '许成成',
    'body' => '快捷支付',
    'respcode' => 1,
    'channelordernumber' => '1418011017284230004',
    'businesstype' => 1001,
    'rcompanyname' => '许成成',
    'companyid' => 402587655,
    'ordercode' => '32c0fbb979e44b8c947941c58ee5d457',
    'ordernumber' => '189632899669',
    'rcompanyid' => 402587655,
    'respmsg' => '预支付成功',
    'compayorderid' => '218011017345103',
    'longitude' => 0.0,
    'amount' => 60000,
    'subcompanyid' => 402587655,
    'address' => NULL,
    'serviceinformation' => NULL,
    'subpaymenttypename' => '快捷支付',
    'paymenttypename' => '快捷支付',
    'stationname' => NULL,
    'companyname' => '许成成',
    'businesstime' => NULL,
    'paymenttypeid' => 25,
    'stationid' => 0,
  ),
  'message' => '请求成功',
)

0 : array (
  'sendmessage' => 1,
  'extraparams' => NULL,
  'amount' => 100000,
  'address' => NULL,
  'serviceinformation' => NULL,
  'ishtml' => 2,
  'latitude' => 0.0,
  'paymenttypename' => '快捷支付',
  'payorderid' => '303318011115164601',
  'body' => '快捷支付',
  'respcode' => 1,
  'companyid' => 402587655,
  'ordercode' => '475a2116ba974660bff1b9f6cbaa708b',
  'companyname' => '许成成',
  'paymenttypeid' => 25,
  'ordernumber' => '1810550024154',
  'respmsg' => '预支付成功',
  'longitude' => 0.0,
)

0 : 1

0 : array (
  'sendmessage' => 1,
  'extraparams' => NULL,
  'amount' => 100000,
  'address' => NULL,
  'serviceinformation' => NULL,
  'ishtml' => 2,
  'latitude' => 0.0,
  'paymenttypename' => '快捷支付',
  'payorderid' => '303318011115172304',
  'body' => '快捷支付',
  'respcode' => 1,
  'companyid' => 402587655,
  'ordercode' => 'd22858db033f4e86ab390a198ecf7e24',
  'companyname' => '许成成',
  'paymenttypeid' => 25,
  'ordernumber' => '1810550405646',
  'respmsg' => '预支付成功',
  'longitude' => 0.0,
)

0 : 1

0 : array (
  'sendmessage' => 1,
  'extraparams' => NULL,
  'amount' => 10000,
  'address' => NULL,
  'serviceinformation' => NULL,
  'ishtml' => 2,
  'latitude' => 0.0,
  'paymenttypename' => '快捷支付',
  'payorderid' => '303318011115191103',
  'body' => '快捷支付',
  'respcode' => 1,
  'companyid' => 402587655,
  'ordercode' => 'e858acb6cda64f468f73e1b889295026',
  'companyname' => '许成成',
  'paymenttypeid' => 25,
  'ordernumber' => '1810551489028',
  'respmsg' => '预支付成功',
  'longitude' => 0.0,
)

0 : 1

0 : array (
  'sendmessage' => 1,
  'extraparams' => NULL,
  'amount' => 2000000,
  'address' => NULL,
  'serviceinformation' => NULL,
  'ishtml' => 2,
  'latitude' => 0.0,
  'paymenttypename' => '快捷支付',
  'payorderid' => '303318011115253703',
  'body' => '快捷支付',
  'respcode' => 1,
  'companyid' => 402587655,
  'ordercode' => 'e338a926267b451fa98f7253c73b310c',
  'companyname' => '许成成',
  'paymenttypeid' => 25,
  'ordernumber' => '1810555352029',
  'respmsg' => '预支付成功',
  'longitude' => 0.0,
)

0 : 1

0 : array (
  'sendmessage' => 1,
  'extraparams' => NULL,
  'amount' => 2000000,
  'address' => NULL,
  'serviceinformation' => NULL,
  'ishtml' => 2,
  'latitude' => 0.0,
  'paymenttypename' => '快捷支付',
  'payorderid' => '303318011115260701',
  'body' => '快捷支付',
  'respcode' => 1,
  'companyid' => 402587655,
  'ordercode' => '35db4668c4224eefa267e58c77717439',
  'companyname' => '许成成',
  'paymenttypeid' => 25,
  'ordernumber' => '1810555645985',
  'respmsg' => '预支付成功',
  'longitude' => 0.0,
)

0 : 1

0 : array (
  'sendmessage' => 1,
  'extraparams' => NULL,
  'amount' => 2000000,
  'address' => NULL,
  'serviceinformation' => NULL,
  'ishtml' => 2,
  'latitude' => 0.0,
  'paymenttypename' => '快捷支付',
  'payorderid' => '303218011115283101',
  'body' => '快捷支付',
  'respcode' => 1,
  'companyid' => 402587655,
  'ordercode' => 'f7f5aa9a3f5b4c96bb623306a495cc59',
  'companyname' => '许成成',
  'paymenttypeid' => 25,
  'ordernumber' => '1810557085508',
  'respmsg' => '预支付成功',
  'longitude' => 0.0,
)

0 : 1

0 : array (
  'sendmessage' => 1,
  'extraparams' => NULL,
  'amount' => 2000000,
  'address' => NULL,
  'serviceinformation' => NULL,
  'ishtml' => 2,
  'latitude' => 0.0,
  'paymenttypename' => '快捷支付',
  'payorderid' => '303218011116110401',
  'body' => '快捷支付',
  'respcode' => 1,
  'companyid' => 402587655,
  'ordercode' => '0b9ea71d7ff1437faedde77d40f1f45e',
  'companyname' => '许成成',
  'paymenttypeid' => 25,
  'ordernumber' => '1810582622608',
  'respmsg' => '预支付成功',
  'longitude' => 0.0,
)

0 : 1

0 : array (
  'sendmessage' => 1,
  'extraparams' => NULL,
  'amount' => 100000,
  'address' => NULL,
  'serviceinformation' => NULL,
  'ishtml' => 2,
  'latitude' => 0.0,
  'paymenttypename' => '快捷支付',
  'payorderid' => '303318011116592401',
  'body' => '快捷支付',
  'respcode' => 1,
  'companyid' => 402587655,
  'ordercode' => '49c5281d52f441ff82f81aa4255d964f',
  'companyname' => '许成成',
  'paymenttypeid' => 25,
  'ordernumber' => '1810611624427',
  'respmsg' => '预支付成功',
  'longitude' => 0.0,
)

0 : 1

0 : array (
  'sendmessage' => 1,
  'extraparams' => NULL,
  'amount' => 100000,
  'address' => NULL,
  'serviceinformation' => NULL,
  'ishtml' => 2,
  'latitude' => 0.0,
  'paymenttypename' => '快捷支付',
  'payorderid' => '303318011117021401',
  'body' => '快捷支付',
  'respcode' => 1,
  'companyid' => 402587655,
  'ordercode' => 'c0f634b7db094b2daf432236999a01d4',
  'companyname' => '许成成',
  'paymenttypeid' => 25,
  'ordernumber' => '1810613319864',
  'respmsg' => '预支付成功',
  'longitude' => 0.0,
)

0 : 1

0 : array (
  'sendmessage' => 1,
  'extraparams' => NULL,
  'amount' => 100000,
  'address' => NULL,
  'serviceinformation' => NULL,
  'ishtml' => 2,
  'latitude' => 0.0,
  'paymenttypename' => '快捷支付',
  'payorderid' => '303118011117045202',
  'body' => '快捷支付',
  'respcode' => 1,
  'companyid' => 402587655,
  'ordercode' => 'e6885e1270c347ce9424de5ef094dfc1',
  'companyname' => '许成成',
  'paymenttypeid' => 25,
  'ordernumber' => '1810614911505',
  'respmsg' => '预支付成功',
  'longitude' => 0.0,
)

0 : 1

0 : array (
  'sendmessage' => 1,
  'extraparams' => NULL,
  'amount' => 100000,
  'address' => NULL,
  'serviceinformation' => NULL,
  'ishtml' => 2,
  'latitude' => 0.0,
  'paymenttypename' => '快捷支付',
  'payorderid' => '303318011117054706',
  'body' => '快捷支付',
  'respcode' => 1,
  'companyid' => 402587655,
  'ordercode' => '2442b53398f14e3e90a385dd826bc88b',
  'companyname' => '许成成',
  'paymenttypeid' => 25,
  'ordernumber' => '1810615448786',
  'respmsg' => '预支付成功',
  'longitude' => 0.0,
)

0 : 1

0 : array (
  'sendmessage' => 1,
  'extraparams' => NULL,
  'amount' => 10000,
  'address' => NULL,
  'serviceinformation' => NULL,
  'ishtml' => 2,
  'latitude' => 0.0,
  'paymenttypename' => '快捷支付',
  'payorderid' => '303118011117071903',
  'body' => '快捷支付',
  'respcode' => 1,
  'companyid' => 402587655,
  'ordercode' => '85ddfecd5561407a840402719b5a910a',
  'companyname' => '许成成',
  'paymenttypeid' => 25,
  'ordernumber' => '1810616382429',
  'respmsg' => '预支付成功',
  'longitude' => 0.0,
)

0 : 1