---------------------------------------------------------------
[ 2017-11-23T08:32:06+08:00 ] 127.0.0.1 127.0.0.1 GET /favicon.ico
[ info ] 127.0.0.1:82/favicon.ico [运行时间：0.073004s][吞吐率：13.70req/s] [内存消耗：1,610.59kb] [文件加载：65]
[ info ] [ LANG ] D:\wallet\thinkphp\lang\zh-cn.php
[ info ] [ ROUTE ] array (
  'type' => 'module',
  'module' => 
  array (
    0 => 'favicon.ico',
    1 => NULL,
    2 => NULL,
  ),
)
[ info ] [ HEADER ] array (
  'host' => '127.0.0.1:82',
  'connection' => 'keep-alive',
  'user-agent' => 'Mozilla/5.0 (Windows NT 6.1; WOW64) AppleWebKit/537.36 (KHTML, like Gecko) Chrome/55.0.2883.87 Safari/537.36',
  'accept-encoding' => 'gzip, deflate, sdch, br',
  'accept-language' => 'zh-CN,zh;q=0.8',
  'cookie' => 'ci_session=qvagv1ep1a4p6m4j58gdf9lcuu5v7gu3; __guid=96992031.560262871296186300.1511319800999.382; monitor_count=324',
)
[ info ] [ PARAM ] array (
)
[ info ] [ LOG ] INIT File
---------------------------------------------------------------
[ 2017-11-23T08:32:15+08:00 ] 127.0.0.1 127.0.0.1 GET /favicon.ico
[ info ] 127.0.0.1:82/favicon.ico [运行时间：0.022002s][吞吐率：45.45req/s] [内存消耗：1,611.17kb] [文件加载：65]
[ info ] [ LANG ] D:\wallet\thinkphp\lang\zh-cn.php
[ info ] [ ROUTE ] array (
  'type' => 'module',
  'module' => 
  array (
    0 => 'favicon.ico',
    1 => NULL,
    2 => NULL,
  ),
)
[ info ] [ HEADER ] array (
  'host' => '127.0.0.1:82',
  'connection' => 'keep-alive',
  'user-agent' => 'Mozilla/5.0 (Windows NT 6.1; WOW64) AppleWebKit/537.36 (KHTML, like Gecko) Chrome/55.0.2883.87 Safari/537.36',
  'accept' => 'image/webp,image/*,*/*;q=0.8',
  'referer' => 'http://127.0.0.1:82/static/message/demo.js',
  'accept-encoding' => 'gzip, deflate, sdch, br',
  'accept-language' => 'zh-CN,zh;q=0.8',
  'cookie' => 'ci_session=qvagv1ep1a4p6m4j58gdf9lcuu5v7gu3; __guid=96992031.560262871296186300.1511319800999.382; monitor_count=325',
)
[ info ] [ PARAM ] array (
)
[ info ] [ LOG ] INIT File
---------------------------------------------------------------
[ 2017-11-23T08:32:18+08:00 ] 127.0.0.1 127.0.0.1 GET /
[ info ] 127.0.0.1:82/ [运行时间：0.038002s][吞吐率：26.31req/s] [内存消耗：2,100.44kb] [文件加载：81]
[ info ] [ LANG ] D:\wallet\thinkphp\lang\zh-cn.php
[ info ] [ ROUTE ] array (
  'type' => 'module',
  'module' => 
  array (
    0 => '',
    1 => NULL,
    2 => NULL,
  ),
)
[ info ] [ HEADER ] array (
  'host' => '127.0.0.1:82',
  'connection' => 'keep-alive',
  'upgrade-insecure-requests' => '1',
  'user-agent' => 'Mozilla/5.0 (Windows NT 6.1; WOW64) AppleWebKit/537.36 (KHTML, like Gecko) Chrome/55.0.2883.87 Safari/537.36',
  'accept' => 'text/html,application/xhtml+xml,application/xml;q=0.9,image/webp,*/*;q=0.8',
  'accept-encoding' => 'gzip, deflate, sdch, br',
  'accept-language' => 'zh-CN,zh;q=0.8',
  'cookie' => 'ci_session=qvagv1ep1a4p6m4j58gdf9lcuu5v7gu3; __guid=96992031.560262871296186300.1511319800999.382; monitor_count=325',
)
[ info ] [ PARAM ] array (
)
[ info ] [ SESSION ] INIT array (
  'id' => '',
  'var_session_id' => '',
  'prefix' => 'think',
  'type' => '',
  'auto_start' => true,
)
[ info ] [ LOG ] INIT File
---------------------------------------------------------------
[ 2017-11-23T08:32:18+08:00 ] 127.0.0.1 127.0.0.1 GET /index/login/index.html
[ info ] 127.0.0.1:82/index/login/index.html [运行时间：0.037002s][吞吐率：27.03req/s] [内存消耗：2,143.65kb] [文件加载：84]
[ info ] [ LANG ] D:\wallet\thinkphp\lang\zh-cn.php
[ info ] [ ROUTE ] array (
  'type' => 'module',
  'module' => 
  array (
    0 => 'index',
    1 => 'login',
    2 => 'index',
  ),
)
[ info ] [ HEADER ] array (
  'host' => '127.0.0.1:82',
  'connection' => 'keep-alive',
  'upgrade-insecure-requests' => '1',
  'user-agent' => 'Mozilla/5.0 (Windows NT 6.1; WOW64) AppleWebKit/537.36 (KHTML, like Gecko) Chrome/55.0.2883.87 Safari/537.36',
  'accept' => 'text/html,application/xhtml+xml,application/xml;q=0.9,image/webp,*/*;q=0.8',
  'accept-encoding' => 'gzip, deflate, sdch, br',
  'accept-language' => 'zh-CN,zh;q=0.8',
  'cookie' => 'ci_session=qvagv1ep1a4p6m4j58gdf9lcuu5v7gu3; __guid=96992031.560262871296186300.1511319800999.382; monitor_count=325; PHPSESSID=51hb7ngqmrfhf58mv82vqo7cm2',
)
[ info ] [ PARAM ] array (
)
[ info ] [ RUN ] app\index\controller\Login->index[ D:\wallet\application\index\controller\Login.php ]
[ info ] [ SESSION ] INIT array (
  'id' => '',
  'var_session_id' => '',
  'prefix' => 'think',
  'type' => '',
  'auto_start' => true,
)
[ info ] [ VIEW ] D:\wallet\template\admin\login\index.blade.php [ array (
) ]
[ info ] [ LOG ] INIT File
---------------------------------------------------------------
[ 2017-11-23T08:32:20+08:00 ] 127.0.0.1 127.0.0.1 POST /index/Login/do_login.html
[ info ] 127.0.0.1:82/index/Login/do_login.html [运行时间：0.141008s][吞吐率：7.09req/s] [内存消耗：3,563.27kb] [文件加载：89]
[ info ] [ LANG ] D:\wallet\thinkphp\lang\zh-cn.php
[ info ] [ ROUTE ] array (
  'type' => 'module',
  'module' => 
  array (
    0 => 'index',
    1 => 'Login',
    2 => 'do_login',
  ),
)
[ info ] [ HEADER ] array (
  'host' => '127.0.0.1:82',
  'connection' => 'keep-alive',
  'content-length' => '56',
  'cache-control' => 'max-age=0',
  'origin' => 'http://127.0.0.1:82',
  'upgrade-insecure-requests' => '1',
  'user-agent' => 'Mozilla/5.0 (Windows NT 6.1; WOW64) AppleWebKit/537.36 (KHTML, like Gecko) Chrome/55.0.2883.87 Safari/537.36',
  'content-type' => 'application/x-www-form-urlencoded',
  'accept' => 'text/html,application/xhtml+xml,application/xml;q=0.9,image/webp,*/*;q=0.8',
  'referer' => 'http://127.0.0.1:82/index/login/index.html',
  'accept-encoding' => 'gzip, deflate, br',
  'accept-language' => 'zh-CN,zh;q=0.8',
  'cookie' => 'ci_session=qvagv1ep1a4p6m4j58gdf9lcuu5v7gu3; __guid=96992031.560262871296186300.1511319800999.382; PHPSESSID=51hb7ngqmrfhf58mv82vqo7cm2; monitor_count=326',
)
[ info ] [ PARAM ] array (
  'login_name' => 'john',
  'login_passwd' => '123456',
  'login_key' => 'xijujituan',
)
[ info ] [ RUN ] app\index\controller\Login->do_login[ D:\wallet\application\index\controller\Login.php ]
[ info ] [ DB ] INIT mysql
[ info ] [ SESSION ] INIT array (
  'id' => '',
  'var_session_id' => '',
  'prefix' => 'think',
  'type' => '',
  'auto_start' => true,
)
[ info ] [ LOG ] INIT File
[ sql ] [ DB ] CONNECT:[ UseTime:0.023001s ] mysql:host=120.27.116.16;dbname=wallet_demo;charset=utf8
[ sql ] [ SQL ] SHOW COLUMNS FROM `wt_adminster` [ RunTime:0.013000s ]
[ sql ] [ SQL ] SELECT * FROM `wt_adminster` WHERE  `adminster_login` = 'john' LIMIT 1 [ RunTime:0.014001s ]
---------------------------------------------------------------
[ 2017-11-23T08:32:20+08:00 ] 127.0.0.1 127.0.0.1 GET /index/dashboard/index.html
[ info ] 127.0.0.1:82/index/dashboard/index.html [运行时间：0.083005s][吞吐率：12.05req/s] [内存消耗：2,143.95kb] [文件加载：90]
[ info ] [ LANG ] D:\wallet\thinkphp\lang\zh-cn.php
[ info ] [ ROUTE ] array (
  'type' => 'module',
  'module' => 
  array (
    0 => 'index',
    1 => 'dashboard',
    2 => 'index',
  ),
)
[ info ] [ HEADER ] array (
  'host' => '127.0.0.1:82',
  'connection' => 'keep-alive',
  'cache-control' => 'max-age=0',
  'upgrade-insecure-requests' => '1',
  'user-agent' => 'Mozilla/5.0 (Windows NT 6.1; WOW64) AppleWebKit/537.36 (KHTML, like Gecko) Chrome/55.0.2883.87 Safari/537.36',
  'accept' => 'text/html,application/xhtml+xml,application/xml;q=0.9,image/webp,*/*;q=0.8',
  'referer' => 'http://127.0.0.1:82/index/login/index.html',
  'accept-encoding' => 'gzip, deflate, sdch, br',
  'accept-language' => 'zh-CN,zh;q=0.8',
  'cookie' => 'ci_session=qvagv1ep1a4p6m4j58gdf9lcuu5v7gu3; __guid=96992031.560262871296186300.1511319800999.382; PHPSESSID=51hb7ngqmrfhf58mv82vqo7cm2; monitor_count=326',
)
[ info ] [ PARAM ] array (
)
[ info ] [ SESSION ] INIT array (
  'id' => '',
  'var_session_id' => '',
  'prefix' => 'think',
  'type' => '',
  'auto_start' => true,
)
[ info ] [ RUN ] app\index\controller\Dashboard->index[ D:\wallet\application\index\controller\Dashboard.php ]
[ info ] [ VIEW ] D:\wallet\template\admin\dashboard\index.blade.php [ array (
  0 => 'id',
  1 => 'name',
  2 => 'email',
  3 => 'last_login',
  4 => 'state',
  5 => 'title',
  6 => 'jump_msg',
) ]
[ info ] [ LOG ] INIT File
---------------------------------------------------------------
[ 2017-11-23T11:33:37+08:00 ] 127.0.0.1 127.0.0.1 GET /index/dashboard/index.html
[ info ] 127.0.0.1:82/index/dashboard/index.html [运行时间：0.048003s][吞吐率：20.83req/s] [内存消耗：2,142.01kb] [文件加载：89]
[ info ] [ LANG ] D:\wallet\thinkphp\lang\zh-cn.php
[ info ] [ ROUTE ] array (
  'type' => 'module',
  'module' => 
  array (
    0 => 'index',
    1 => 'dashboard',
    2 => 'index',
  ),
)
[ info ] [ HEADER ] array (
  'host' => '127.0.0.1:82',
  'connection' => 'keep-alive',
  'cache-control' => 'max-age=0',
  'upgrade-insecure-requests' => '1',
  'user-agent' => 'Mozilla/5.0 (Windows NT 6.1; WOW64) AppleWebKit/537.36 (KHTML, like Gecko) Chrome/55.0.2883.87 Safari/537.36',
  'accept' => 'text/html,application/xhtml+xml,application/xml;q=0.9,image/webp,*/*;q=0.8',
  'referer' => 'http://127.0.0.1:82/index/login/index.html',
  'accept-encoding' => 'gzip, deflate, sdch, br',
  'accept-language' => 'zh-CN,zh;q=0.8',
  'cookie' => '__guid=96992031.560262871296186300.1511319800999.382; PHPSESSID=51hb7ngqmrfhf58mv82vqo7cm2; monitor_count=327',
)
[ info ] [ PARAM ] array (
)
[ info ] [ SESSION ] INIT array (
  'id' => '',
  'var_session_id' => '',
  'prefix' => 'think',
  'type' => '',
  'auto_start' => true,
)
[ info ] [ RUN ] app\index\controller\Dashboard->index[ D:\wallet\application\index\controller\Dashboard.php ]
[ info ] [ VIEW ] D:\wallet\template\admin\dashboard\index.blade.php [ array (
  0 => 'id',
  1 => 'name',
  2 => 'email',
  3 => 'last_login',
  4 => 'state',
  5 => 'title',
) ]
[ info ] [ LOG ] INIT File
---------------------------------------------------------------
[ 2017-11-23T11:34:13+08:00 ] 127.0.0.1 127.0.0.1 GET /index/dashboard/index.html
[ info ] 127.0.0.1:82/index/dashboard/index.html [运行时间：0.048003s][吞吐率：20.83req/s] [内存消耗：2,142.01kb] [文件加载：89]
[ info ] [ LANG ] D:\wallet\thinkphp\lang\zh-cn.php
[ info ] [ ROUTE ] array (
  'type' => 'module',
  'module' => 
  array (
    0 => 'index',
    1 => 'dashboard',
    2 => 'index',
  ),
)
[ info ] [ HEADER ] array (
  'host' => '127.0.0.1:82',
  'connection' => 'keep-alive',
  'cache-control' => 'max-age=0',
  'upgrade-insecure-requests' => '1',
  'user-agent' => 'Mozilla/5.0 (Windows NT 6.1; WOW64) AppleWebKit/537.36 (KHTML, like Gecko) Chrome/55.0.2883.87 Safari/537.36',
  'accept' => 'text/html,application/xhtml+xml,application/xml;q=0.9,image/webp,*/*;q=0.8',
  'referer' => 'http://127.0.0.1:82/index/login/index.html',
  'accept-encoding' => 'gzip, deflate, sdch, br',
  'accept-language' => 'zh-CN,zh;q=0.8',
  'cookie' => '__guid=96992031.560262871296186300.1511319800999.382; PHPSESSID=51hb7ngqmrfhf58mv82vqo7cm2; monitor_count=328',
)
[ info ] [ PARAM ] array (
)
[ info ] [ SESSION ] INIT array (
  'id' => '',
  'var_session_id' => '',
  'prefix' => 'think',
  'type' => '',
  'auto_start' => true,
)
[ info ] [ RUN ] app\index\controller\Dashboard->index[ D:\wallet\application\index\controller\Dashboard.php ]
[ info ] [ VIEW ] D:\wallet\template\admin\dashboard\index.blade.php [ array (
  0 => 'id',
  1 => 'name',
  2 => 'email',
  3 => 'last_login',
  4 => 'state',
  5 => 'title',
) ]
[ info ] [ LOG ] INIT File
---------------------------------------------------------------
[ 2017-11-23T11:56:26+08:00 ] 127.0.0.1 127.0.0.1 GET /index/dashboard/index.html
[ info ] 127.0.0.1:82/index/dashboard/index.html [运行时间：0.046002s][吞吐率：21.74req/s] [内存消耗：2,141.98kb] [文件加载：89]
[ info ] [ LANG ] D:\wallet\thinkphp\lang\zh-cn.php
[ info ] [ ROUTE ] array (
  'type' => 'module',
  'module' => 
  array (
    0 => 'index',
    1 => 'dashboard',
    2 => 'index',
  ),
)
[ info ] [ HEADER ] array (
  'host' => '127.0.0.1:82',
  'connection' => 'keep-alive',
  'cache-control' => 'max-age=0',
  'upgrade-insecure-requests' => '1',
  'user-agent' => 'Mozilla/5.0 (Windows NT 6.1; WOW64) AppleWebKit/537.36 (KHTML, like Gecko) Chrome/55.0.2883.87 Safari/537.36',
  'accept' => 'text/html,application/xhtml+xml,application/xml;q=0.9,image/webp,*/*;q=0.8',
  'referer' => 'http://127.0.0.1:82/index/login/index.html',
  'accept-encoding' => 'gzip, deflate, sdch, br',
  'accept-language' => 'zh-CN,zh;q=0.8',
  'cookie' => '__guid=96992031.560262871296186300.1511319800999.382; PHPSESSID=51hb7ngqmrfhf58mv82vqo7cm2; monitor_count=329',
)
[ info ] [ PARAM ] array (
)
[ info ] [ SESSION ] INIT array (
  'id' => '',
  'var_session_id' => '',
  'prefix' => 'think',
  'type' => '',
  'auto_start' => true,
)
[ info ] [ RUN ] app\index\controller\Dashboard->index[ D:\wallet\application\index\controller\Dashboard.php ]
[ info ] [ VIEW ] D:\wallet\template\admin\dashboard\index.blade.php [ array (
  0 => 'id',
  1 => 'name',
  2 => 'email',
  3 => 'last_login',
  4 => 'state',
  5 => 'title',
) ]
[ info ] [ LOG ] INIT File
---------------------------------------------------------------
[ 2017-11-23T15:38:48+08:00 ] 127.0.0.1 127.0.0.1 GET /index/dashboard/index.html
[ info ] 127.0.0.1:82/index/dashboard/index.html [运行时间：0.034002s][吞吐率：29.41req/s] [内存消耗：2,099.87kb] [文件加载：81]
[ info ] [ LANG ] D:\wallet\thinkphp\lang\zh-cn.php
[ info ] [ ROUTE ] array (
  'type' => 'module',
  'module' => 
  array (
    0 => 'index',
    1 => 'dashboard',
    2 => 'index',
  ),
)
[ info ] [ HEADER ] array (
  'host' => '127.0.0.1:82',
  'connection' => 'keep-alive',
  'cache-control' => 'max-age=0',
  'upgrade-insecure-requests' => '1',
  'user-agent' => 'Mozilla/5.0 (Windows NT 6.1; WOW64) AppleWebKit/537.36 (KHTML, like Gecko) Chrome/55.0.2883.87 Safari/537.36',
  'accept' => 'text/html,application/xhtml+xml,application/xml;q=0.9,image/webp,*/*;q=0.8',
  'referer' => 'http://127.0.0.1:82/index/login/index.html',
  'accept-encoding' => 'gzip, deflate, sdch, br',
  'accept-language' => 'zh-CN,zh;q=0.8',
  'cookie' => '__guid=96992031.560262871296186300.1511319800999.382; PHPSESSID=51hb7ngqmrfhf58mv82vqo7cm2; monitor_count=330',
)
[ info ] [ PARAM ] array (
)
[ info ] [ SESSION ] INIT array (
  'id' => '',
  'var_session_id' => '',
  'prefix' => 'think',
  'type' => '',
  'auto_start' => true,
)
[ info ] [ LOG ] INIT File
---------------------------------------------------------------
[ 2017-11-23T15:38:48+08:00 ] 127.0.0.1 127.0.0.1 GET /index/login/index.html
[ info ] 127.0.0.1:82/index/login/index.html [运行时间：0.030002s][吞吐率：33.33req/s] [内存消耗：2,142.41kb] [文件加载：84]
[ info ] [ LANG ] D:\wallet\thinkphp\lang\zh-cn.php
[ info ] [ ROUTE ] array (
  'type' => 'module',
  'module' => 
  array (
    0 => 'index',
    1 => 'login',
    2 => 'index',
  ),
)
[ info ] [ HEADER ] array (
  'host' => '127.0.0.1:82',
  'connection' => 'keep-alive',
  'cache-control' => 'max-age=0',
  'upgrade-insecure-requests' => '1',
  'user-agent' => 'Mozilla/5.0 (Windows NT 6.1; WOW64) AppleWebKit/537.36 (KHTML, like Gecko) Chrome/55.0.2883.87 Safari/537.36',
  'accept' => 'text/html,application/xhtml+xml,application/xml;q=0.9,image/webp,*/*;q=0.8',
  'referer' => 'http://127.0.0.1:82/index/login/index.html',
  'accept-encoding' => 'gzip, deflate, sdch, br',
  'accept-language' => 'zh-CN,zh;q=0.8',
  'cookie' => '__guid=96992031.560262871296186300.1511319800999.382; PHPSESSID=51hb7ngqmrfhf58mv82vqo7cm2; monitor_count=330',
)
[ info ] [ PARAM ] array (
)
[ info ] [ RUN ] app\index\controller\Login->index[ D:\wallet\application\index\controller\Login.php ]
[ info ] [ SESSION ] INIT array (
  'id' => '',
  'var_session_id' => '',
  'prefix' => 'think',
  'type' => '',
  'auto_start' => true,
)
[ info ] [ VIEW ] D:\wallet\template\admin\login\index.blade.php [ array (
) ]
[ info ] [ LOG ] INIT File
---------------------------------------------------------------
[ 2017-11-23T15:38:50+08:00 ] 127.0.0.1 127.0.0.1 POST /index/Login/do_login.html
[ info ] 127.0.0.1:82/index/Login/do_login.html [运行时间：0.107006s][吞吐率：9.35req/s] [内存消耗：3,561.44kb] [文件加载：89]
[ info ] [ LANG ] D:\wallet\thinkphp\lang\zh-cn.php
[ info ] [ ROUTE ] array (
  'type' => 'module',
  'module' => 
  array (
    0 => 'index',
    1 => 'Login',
    2 => 'do_login',
  ),
)
[ info ] [ HEADER ] array (
  'host' => '127.0.0.1:82',
  'connection' => 'keep-alive',
  'content-length' => '56',
  'cache-control' => 'max-age=0',
  'origin' => 'http://127.0.0.1:82',
  'upgrade-insecure-requests' => '1',
  'user-agent' => 'Mozilla/5.0 (Windows NT 6.1; WOW64) AppleWebKit/537.36 (KHTML, like Gecko) Chrome/55.0.2883.87 Safari/537.36',
  'content-type' => 'application/x-www-form-urlencoded',
  'accept' => 'text/html,application/xhtml+xml,application/xml;q=0.9,image/webp,*/*;q=0.8',
  'referer' => 'http://127.0.0.1:82/index/login/index.html',
  'accept-encoding' => 'gzip, deflate, br',
  'accept-language' => 'zh-CN,zh;q=0.8',
  'cookie' => '__guid=96992031.560262871296186300.1511319800999.382; PHPSESSID=51hb7ngqmrfhf58mv82vqo7cm2; monitor_count=331',
)
[ info ] [ PARAM ] array (
  'login_name' => 'john',
  'login_passwd' => '123456',
  'login_key' => 'xijujituan',
)
[ info ] [ RUN ] app\index\controller\Login->do_login[ D:\wallet\application\index\controller\Login.php ]
[ info ] [ DB ] INIT mysql
[ info ] [ SESSION ] INIT array (
  'id' => '',
  'var_session_id' => '',
  'prefix' => 'think',
  'type' => '',
  'auto_start' => true,
)
[ info ] [ LOG ] INIT File
[ sql ] [ DB ] CONNECT:[ UseTime:0.025002s ] mysql:host=120.27.116.16;dbname=wallet_demo;charset=utf8
[ sql ] [ SQL ] SHOW COLUMNS FROM `wt_adminster` [ RunTime:0.014001s ]
[ sql ] [ SQL ] SELECT * FROM `wt_adminster` WHERE  `adminster_login` = 'john' LIMIT 1 [ RunTime:0.014001s ]
---------------------------------------------------------------
[ 2017-11-23T15:38:50+08:00 ] 127.0.0.1 127.0.0.1 GET /index/dashboard/index.html
[ info ] 127.0.0.1:82/index/dashboard/index.html [运行时间：0.040003s][吞吐率：25.00req/s] [内存消耗：2,142.13kb] [文件加载：90]
[ info ] [ LANG ] D:\wallet\thinkphp\lang\zh-cn.php
[ info ] [ ROUTE ] array (
  'type' => 'module',
  'module' => 
  array (
    0 => 'index',
    1 => 'dashboard',
    2 => 'index',
  ),
)
[ info ] [ HEADER ] array (
  'host' => '127.0.0.1:82',
  'connection' => 'keep-alive',
  'cache-control' => 'max-age=0',
  'upgrade-insecure-requests' => '1',
  'user-agent' => 'Mozilla/5.0 (Windows NT 6.1; WOW64) AppleWebKit/537.36 (KHTML, like Gecko) Chrome/55.0.2883.87 Safari/537.36',
  'accept' => 'text/html,application/xhtml+xml,application/xml;q=0.9,image/webp,*/*;q=0.8',
  'referer' => 'http://127.0.0.1:82/index/login/index.html',
  'accept-encoding' => 'gzip, deflate, sdch, br',
  'accept-language' => 'zh-CN,zh;q=0.8',
  'cookie' => '__guid=96992031.560262871296186300.1511319800999.382; PHPSESSID=51hb7ngqmrfhf58mv82vqo7cm2; monitor_count=331',
)
[ info ] [ PARAM ] array (
)
[ info ] [ SESSION ] INIT array (
  'id' => '',
  'var_session_id' => '',
  'prefix' => 'think',
  'type' => '',
  'auto_start' => true,
)
[ info ] [ RUN ] app\index\controller\Dashboard->index[ D:\wallet\application\index\controller\Dashboard.php ]
[ info ] [ VIEW ] D:\wallet\template\admin\dashboard\index.blade.php [ array (
  0 => 'id',
  1 => 'name',
  2 => 'email',
  3 => 'last_login',
  4 => 'state',
  5 => 'title',
  6 => 'jump_msg',
) ]
[ info ] [ LOG ] INIT File
---------------------------------------------------------------
[ 2017-11-23T15:39:16+08:00 ] 127.0.0.1 127.0.0.1 GET /index/dashboard/index.html
[ info ] 127.0.0.1:82/index/dashboard/index.html [运行时间：0.057003s][吞吐率：17.54req/s] [内存消耗：2,139.95kb] [文件加载：89]
[ info ] [ LANG ] D:\wallet\thinkphp\lang\zh-cn.php
[ info ] [ ROUTE ] array (
  'type' => 'module',
  'module' => 
  array (
    0 => 'index',
    1 => 'dashboard',
    2 => 'index',
  ),
)
[ info ] [ HEADER ] array (
  'host' => '127.0.0.1:82',
  'connection' => 'keep-alive',
  'cache-control' => 'max-age=0',
  'upgrade-insecure-requests' => '1',
  'user-agent' => 'Mozilla/5.0 (Windows NT 6.1; WOW64) AppleWebKit/537.36 (KHTML, like Gecko) Chrome/55.0.2883.87 Safari/537.36',
  'accept' => 'text/html,application/xhtml+xml,application/xml;q=0.9,image/webp,*/*;q=0.8',
  'accept-encoding' => 'gzip, deflate, sdch, br',
  'accept-language' => 'zh-CN,zh;q=0.8',
  'cookie' => '__guid=96992031.560262871296186300.1511319800999.382; PHPSESSID=51hb7ngqmrfhf58mv82vqo7cm2; monitor_count=332',
)
[ info ] [ PARAM ] array (
)
[ info ] [ SESSION ] INIT array (
  'id' => '',
  'var_session_id' => '',
  'prefix' => 'think',
  'type' => '',
  'auto_start' => true,
)
[ info ] [ RUN ] app\index\controller\Dashboard->index[ D:\wallet\application\index\controller\Dashboard.php ]
[ info ] [ VIEW ] D:\wallet\template\admin\dashboard\index.blade.php [ array (
  0 => 'id',
  1 => 'name',
  2 => 'email',
  3 => 'last_login',
  4 => 'state',
  5 => 'title',
) ]
[ info ] [ LOG ] INIT File
---------------------------------------------------------------
[ 2017-11-23T15:39:42+08:00 ] 127.0.0.1 127.0.0.1 GET /favicon.ico
[ info ] 127.0.0.1:82/favicon.ico [运行时间：0.035002s][吞吐率：28.57req/s] [内存消耗：1,608.80kb] [文件加载：65]
[ info ] [ LANG ] D:\wallet\thinkphp\lang\zh-cn.php
[ info ] [ ROUTE ] array (
  'type' => 'module',
  'module' => 
  array (
    0 => 'favicon.ico',
    1 => NULL,
    2 => NULL,
  ),
)
[ info ] [ HEADER ] array (
  'host' => '127.0.0.1:82',
  'connection' => 'keep-alive',
  'user-agent' => 'Mozilla/5.0 (Windows NT 6.1; WOW64) AppleWebKit/537.36 (KHTML, like Gecko) Chrome/55.0.2883.87 Safari/537.36',
  'accept-encoding' => 'gzip, deflate, sdch, br',
  'accept-language' => 'zh-CN,zh;q=0.8',
  'cookie' => '__guid=96992031.560262871296186300.1511319800999.382; PHPSESSID=51hb7ngqmrfhf58mv82vqo7cm2; monitor_count=333',
)
[ info ] [ PARAM ] array (
)
[ info ] [ LOG ] INIT File
